{"/Users/reedbruskin/hackReactor/Senior/FEC/client/src/components/App.jsx": {"path":"/Users/reedbruskin/hackReactor/Senior/FEC/client/src/components/App.jsx","statementMap":{"0":{"start":{"line":8,"column":4},"end":{"line":8,"column":17}},"1":{"start":{"line":9,"column":4},"end":{"line":16,"column":6}},"2":{"start":{"line":17,"column":4},"end":{"line":17,"column":43}},"3":{"start":{"line":18,"column":4},"end":{"line":18,"column":47}},"4":{"start":{"line":19,"column":4},"end":{"line":19,"column":49}},"5":{"start":{"line":20,"column":4},"end":{"line":20,"column":49}},"6":{"start":{"line":21,"column":4},"end":{"line":21,"column":51}},"7":{"start":{"line":25,"column":4},"end":{"line":60,"column":6}},"8":{"start":{"line":27,"column":22},"end":{"line":27,"column":24}},"9":{"start":{"line":28,"column":6},"end":{"line":32,"column":8}},"10":{"start":{"line":29,"column":8},"end":{"line":31,"column":9}},"11":{"start":{"line":30,"column":10},"end":{"line":30,"column":34}},"12":{"start":{"line":33,"column":6},"end":{"line":35,"column":8}},"13":{"start":{"line":36,"column":6},"end":{"line":36,"column":23}},"14":{"start":{"line":39,"column":6},"end":{"line":50,"column":8}},"15":{"start":{"line":53,"column":6},"end":{"line":56,"column":8}},"16":{"start":{"line":59,"column":6},"end":{"line":59,"column":45}},"17":{"start":{"line":96,"column":4},"end":{"line":96,"column":19}},"18":{"start":{"line":100,"column":4},"end":{"line":106,"column":5}},"19":{"start":{"line":101,"column":6},"end":{"line":104,"column":9}},"20":{"start":{"line":105,"column":6},"end":{"line":105,"column":40}},"21":{"start":{"line":110,"column":4},"end":{"line":116,"column":5}},"22":{"start":{"line":111,"column":6},"end":{"line":114,"column":9}},"23":{"start":{"line":115,"column":6},"end":{"line":115,"column":41}},"24":{"start":{"line":120,"column":4},"end":{"line":120,"column":37}},"25":{"start":{"line":124,"column":4},"end":{"line":124,"column":61}},"26":{"start":{"line":128,"column":4},"end":{"line":130,"column":5}},"27":{"start":{"line":129,"column":6},"end":{"line":129,"column":65}},"28":{"start":{"line":132,"column":4},"end":{"line":143,"column":6}}},"fnMap":{"0":{"name":"(anonymous_0)","decl":{"start":{"line":7,"column":2},"end":{"line":7,"column":3}},"loc":{"start":{"line":7,"column":21},"end":{"line":22,"column":3}},"line":7},"1":{"name":"(anonymous_1)","decl":{"start":{"line":24,"column":2},"end":{"line":24,"column":3}},"loc":{"start":{"line":24,"column":16},"end":{"line":61,"column":3}},"line":24},"2":{"name":"(anonymous_2)","decl":{"start":{"line":26,"column":10},"end":{"line":26,"column":11}},"loc":{"start":{"line":26,"column":19},"end":{"line":37,"column":5}},"line":26},"3":{"name":"(anonymous_3)","decl":{"start":{"line":28,"column":35},"end":{"line":28,"column":36}},"loc":{"start":{"line":28,"column":48},"end":{"line":32,"column":7}},"line":28},"4":{"name":"(anonymous_4)","decl":{"start":{"line":38,"column":10},"end":{"line":38,"column":11}},"loc":{"start":{"line":38,"column":19},"end":{"line":51,"column":5}},"line":38},"5":{"name":"(anonymous_5)","decl":{"start":{"line":52,"column":10},"end":{"line":52,"column":11}},"loc":{"start":{"line":52,"column":77},"end":{"line":57,"column":5}},"line":52},"6":{"name":"(anonymous_6)","decl":{"start":{"line":58,"column":11},"end":{"line":58,"column":12}},"loc":{"start":{"line":58,"column":18},"end":{"line":60,"column":5}},"line":58},"7":{"name":"(anonymous_7)","decl":{"start":{"line":95,"column":2},"end":{"line":95,"column":3}},"loc":{"start":{"line":95,"column":22},"end":{"line":97,"column":3}},"line":95},"8":{"name":"(anonymous_8)","decl":{"start":{"line":99,"column":2},"end":{"line":99,"column":3}},"loc":{"start":{"line":99,"column":14},"end":{"line":107,"column":3}},"line":99},"9":{"name":"(anonymous_9)","decl":{"start":{"line":109,"column":2},"end":{"line":109,"column":3}},"loc":{"start":{"line":109,"column":15},"end":{"line":117,"column":3}},"line":109},"10":{"name":"(anonymous_10)","decl":{"start":{"line":119,"column":2},"end":{"line":119,"column":3}},"loc":{"start":{"line":119,"column":20},"end":{"line":121,"column":3}},"line":119},"11":{"name":"(anonymous_11)","decl":{"start":{"line":123,"column":2},"end":{"line":123,"column":3}},"loc":{"start":{"line":123,"column":22},"end":{"line":125,"column":3}},"line":123},"12":{"name":"(anonymous_12)","decl":{"start":{"line":127,"column":2},"end":{"line":127,"column":3}},"loc":{"start":{"line":127,"column":11},"end":{"line":144,"column":3}},"line":127}},"branchMap":{"0":{"loc":{"start":{"line":29,"column":8},"end":{"line":31,"column":9}},"type":"if","locations":[{"start":{"line":29,"column":8},"end":{"line":31,"column":9}},{"start":{"line":29,"column":8},"end":{"line":31,"column":9}}],"line":29},"1":{"loc":{"start":{"line":100,"column":4},"end":{"line":106,"column":5}},"type":"if","locations":[{"start":{"line":100,"column":4},"end":{"line":106,"column":5}},{"start":{"line":100,"column":4},"end":{"line":106,"column":5}}],"line":100},"2":{"loc":{"start":{"line":110,"column":4},"end":{"line":116,"column":5}},"type":"if","locations":[{"start":{"line":110,"column":4},"end":{"line":116,"column":5}},{"start":{"line":110,"column":4},"end":{"line":116,"column":5}}],"line":110},"3":{"loc":{"start":{"line":128,"column":4},"end":{"line":130,"column":5}},"type":"if","locations":[{"start":{"line":128,"column":4},"end":{"line":130,"column":5}},{"start":{"line":128,"column":4},"end":{"line":130,"column":5}}],"line":128}},"s":{"0":5,"1":5,"2":5,"3":5,"4":5,"5":5,"6":5,"7":5,"8":0,"9":0,"10":0,"11":0,"12":0,"13":0,"14":0,"15":0,"16":0,"17":5,"18":0,"19":0,"20":0,"21":0,"22":0,"23":0,"24":0,"25":0,"26":5,"27":5,"28":0},"f":{"0":5,"1":5,"2":0,"3":0,"4":0,"5":0,"6":0,"7":5,"8":0,"9":0,"10":0,"11":0,"12":5},"b":{"0":[0,0],"1":[0,0],"2":[0,0],"3":[5,0]},"_coverageSchema":"1a1c01bbd47fc00a2c39e90264f33305004495a9","hash":"d276b8010a49112725639ddd5b331fc0f3f03295"}
,"/Users/reedbruskin/hackReactor/Senior/FEC/client/src/components/Carousel.jsx": {"path":"/Users/reedbruskin/hackReactor/Senior/FEC/client/src/components/Carousel.jsx","statementMap":{"0":{"start":{"line":5,"column":15},"end":{"line":133,"column":1}},"1":{"start":{"line":6,"column":2},"end":{"line":6,"column":31}},"2":{"start":{"line":7,"column":22},"end":{"line":7,"column":51}},"3":{"start":{"line":8,"column":20},"end":{"line":8,"column":44}},"4":{"start":{"line":9,"column":20},"end":{"line":9,"column":43}},"5":{"start":{"line":10,"column":26},"end":{"line":10,"column":28}},"6":{"start":{"line":11,"column":21},"end":{"line":11,"column":23}},"7":{"start":{"line":12,"column":19},"end":{"line":12,"column":21}},"8":{"start":{"line":15,"column":21},"end":{"line":26,"column":3}},"9":{"start":{"line":27,"column":20},"end":{"line":27,"column":22}},"10":{"start":{"line":32,"column":2},"end":{"line":60,"column":3}},"11":{"start":{"line":33,"column":4},"end":{"line":37,"column":6}},"12":{"start":{"line":34,"column":6},"end":{"line":36,"column":7}},"13":{"start":{"line":35,"column":8},"end":{"line":35,"column":43}},"14":{"start":{"line":38,"column":4},"end":{"line":38,"column":53}},"15":{"start":{"line":39,"column":4},"end":{"line":43,"column":5}},"16":{"start":{"line":39,"column":17},"end":{"line":39,"column":18}},"17":{"start":{"line":40,"column":6},"end":{"line":42,"column":7}},"18":{"start":{"line":41,"column":8},"end":{"line":41,"column":47}},"19":{"start":{"line":44,"column":4},"end":{"line":44,"column":42}},"20":{"start":{"line":48,"column":4},"end":{"line":52,"column":6}},"21":{"start":{"line":49,"column":6},"end":{"line":51,"column":7}},"22":{"start":{"line":50,"column":8},"end":{"line":50,"column":43}},"23":{"start":{"line":53,"column":4},"end":{"line":53,"column":54}},"24":{"start":{"line":54,"column":4},"end":{"line":58,"column":5}},"25":{"start":{"line":54,"column":17},"end":{"line":54,"column":18}},"26":{"start":{"line":55,"column":6},"end":{"line":57,"column":7}},"27":{"start":{"line":56,"column":8},"end":{"line":56,"column":48}},"28":{"start":{"line":59,"column":4},"end":{"line":59,"column":42}},"29":{"start":{"line":63,"column":0},"end":{"line":73,"column":1}},"30":{"start":{"line":63,"column":13},"end":{"line":63,"column":14}},"31":{"start":{"line":64,"column":2},"end":{"line":72,"column":3}},"32":{"start":{"line":94,"column":23},"end":{"line":121,"column":4}},"33":{"start":{"line":96,"column":16},"end":{"line":96,"column":18}},"34":{"start":{"line":97,"column":4},"end":{"line":101,"column":5}},"35":{"start":{"line":98,"column":6},"end":{"line":98,"column":50}},"36":{"start":{"line":100,"column":6},"end":{"line":100,"column":25}},"37":{"start":{"line":103,"column":4},"end":{"line":120,"column":6}},"38":{"start":{"line":106,"column":47},"end":{"line":106,"column":70}},"39":{"start":{"line":107,"column":47},"end":{"line":107,"column":70}},"40":{"start":{"line":108,"column":29},"end":{"line":108,"column":59}},"41":{"start":{"line":123,"column":2},"end":{"line":132,"column":4}}},"fnMap":{"0":{"name":"(anonymous_0)","decl":{"start":{"line":5,"column":15},"end":{"line":5,"column":16}},"loc":{"start":{"line":5,"column":26},"end":{"line":133,"column":1}},"line":5},"1":{"name":"(anonymous_1)","decl":{"start":{"line":33,"column":24},"end":{"line":33,"column":25}},"loc":{"start":{"line":33,"column":39},"end":{"line":37,"column":5}},"line":33},"2":{"name":"(anonymous_2)","decl":{"start":{"line":48,"column":24},"end":{"line":48,"column":25}},"loc":{"start":{"line":48,"column":39},"end":{"line":52,"column":5}},"line":48},"3":{"name":"(anonymous_3)","decl":{"start":{"line":94,"column":38},"end":{"line":94,"column":39}},"loc":{"start":{"line":94,"column":55},"end":{"line":121,"column":3}},"line":94},"4":{"name":"(anonymous_4)","decl":{"start":{"line":106,"column":40},"end":{"line":106,"column":41}},"loc":{"start":{"line":106,"column":46},"end":{"line":106,"column":71}},"line":106},"5":{"name":"(anonymous_5)","decl":{"start":{"line":107,"column":40},"end":{"line":107,"column":41}},"loc":{"start":{"line":107,"column":46},"end":{"line":107,"column":71}},"line":107},"6":{"name":"(anonymous_6)","decl":{"start":{"line":108,"column":22},"end":{"line":108,"column":23}},"loc":{"start":{"line":108,"column":28},"end":{"line":108,"column":60}},"line":108}},"branchMap":{"0":{"loc":{"start":{"line":32,"column":2},"end":{"line":60,"column":3}},"type":"if","locations":[{"start":{"line":32,"column":2},"end":{"line":60,"column":3}},{"start":{"line":32,"column":2},"end":{"line":60,"column":3}}],"line":32},"1":{"loc":{"start":{"line":34,"column":6},"end":{"line":36,"column":7}},"type":"if","locations":[{"start":{"line":34,"column":6},"end":{"line":36,"column":7}},{"start":{"line":34,"column":6},"end":{"line":36,"column":7}}],"line":34},"2":{"loc":{"start":{"line":40,"column":6},"end":{"line":42,"column":7}},"type":"if","locations":[{"start":{"line":40,"column":6},"end":{"line":42,"column":7}},{"start":{"line":40,"column":6},"end":{"line":42,"column":7}}],"line":40},"3":{"loc":{"start":{"line":49,"column":6},"end":{"line":51,"column":7}},"type":"if","locations":[{"start":{"line":49,"column":6},"end":{"line":51,"column":7}},{"start":{"line":49,"column":6},"end":{"line":51,"column":7}}],"line":49},"4":{"loc":{"start":{"line":55,"column":6},"end":{"line":57,"column":7}},"type":"if","locations":[{"start":{"line":55,"column":6},"end":{"line":57,"column":7}},{"start":{"line":55,"column":6},"end":{"line":57,"column":7}}],"line":55},"5":{"loc":{"start":{"line":97,"column":4},"end":{"line":101,"column":5}},"type":"if","locations":[{"start":{"line":97,"column":4},"end":{"line":101,"column":5}},{"start":{"line":97,"column":4},"end":{"line":101,"column":5}}],"line":97}},"s":{"0":1,"1":1,"2":1,"3":1,"4":1,"5":1,"6":1,"7":1,"8":1,"9":1,"10":1,"11":0,"12":0,"13":0,"14":0,"15":0,"16":0,"17":0,"18":0,"19":0,"20":1,"21":0,"22":0,"23":0,"24":0,"25":0,"26":0,"27":0,"28":0,"29":0,"30":0,"31":0,"32":0,"33":0,"34":0,"35":0,"36":0,"37":0,"38":0,"39":0,"40":0,"41":0},"f":{"0":1,"1":0,"2":0,"3":0,"4":0,"5":0,"6":0},"b":{"0":[0,1],"1":[0,0],"2":[0,0],"3":[0,0],"4":[0,0],"5":[0,0]},"_coverageSchema":"1a1c01bbd47fc00a2c39e90264f33305004495a9","hash":"587eb2a42f0058bc073951b2ab587abe976b6ab6"}
,"/Users/reedbruskin/hackReactor/Senior/FEC/client/src/components/Header.jsx": {"path":"/Users/reedbruskin/hackReactor/Senior/FEC/client/src/components/Header.jsx","statementMap":{"0":{"start":{"line":3,"column":13},"end":{"line":7,"column":1}},"1":{"start":{"line":4,"column":2},"end":{"line":6,"column":3}}},"fnMap":{"0":{"name":"(anonymous_0)","decl":{"start":{"line":3,"column":13},"end":{"line":3,"column":14}},"loc":{"start":{"line":3,"column":19},"end":{"line":7,"column":1}},"line":3}},"branchMap":{},"s":{"0":1,"1":0},"f":{"0":0},"b":{},"_coverageSchema":"1a1c01bbd47fc00a2c39e90264f33305004495a9","hash":"d03789a27a96444214fb28e8f72188285d350420"}
,"/Users/reedbruskin/hackReactor/Senior/FEC/database/index.js": {"path":"/Users/reedbruskin/hackReactor/Senior/FEC/database/index.js","statementMap":{"0":{"start":{"line":1,"column":17},"end":{"line":1,"column":36}},"1":{"start":{"line":3,"column":0},"end":{"line":7,"column":2}},"2":{"start":{"line":6,"column":10},"end":{"line":6,"column":48}},"3":{"start":{"line":9,"column":21},"end":{"line":14,"column":2}},"4":{"start":{"line":22,"column":19},"end":{"line":26,"column":2}},"5":{"start":{"line":28,"column":11},"end":{"line":28,"column":45}},"6":{"start":{"line":30,"column":14},"end":{"line":39,"column":1}},"7":{"start":{"line":32,"column":2},"end":{"line":38,"column":15}},"8":{"start":{"line":33,"column":4},"end":{"line":37,"column":5}},"9":{"start":{"line":34,"column":6},"end":{"line":34,"column":26}},"10":{"start":{"line":36,"column":6},"end":{"line":36,"column":27}},"11":{"start":{"line":41,"column":0},"end":{"line":41,"column":22}},"12":{"start":{"line":42,"column":0},"end":{"line":42,"column":33}}},"fnMap":{"0":{"name":"(anonymous_0)","decl":{"start":{"line":6,"column":2},"end":{"line":6,"column":3}},"loc":{"start":{"line":6,"column":8},"end":{"line":6,"column":50}},"line":6},"1":{"name":"(anonymous_1)","decl":{"start":{"line":30,"column":14},"end":{"line":30,"column":15}},"loc":{"start":{"line":30,"column":34},"end":{"line":39,"column":1}},"line":30},"2":{"name":"(anonymous_2)","decl":{"start":{"line":32,"column":46},"end":{"line":32,"column":47}},"loc":{"start":{"line":32,"column":61},"end":{"line":38,"column":3}},"line":32}},"branchMap":{"0":{"loc":{"start":{"line":33,"column":4},"end":{"line":37,"column":5}},"type":"if","locations":[{"start":{"line":33,"column":4},"end":{"line":37,"column":5}},{"start":{"line":33,"column":4},"end":{"line":37,"column":5}}],"line":33}},"s":{"0":1,"1":1,"2":1,"3":1,"4":1,"5":1,"6":1,"7":0,"8":0,"9":0,"10":0,"11":1,"12":1},"f":{"0":1,"1":0,"2":0},"b":{"0":[0,0]},"_coverageSchema":"1a1c01bbd47fc00a2c39e90264f33305004495a9","hash":"b1bb79201acd8f86020c5f2e6a77d6d954cce65f"}
,"/Users/reedbruskin/hackReactor/Senior/FEC/server/index.js": {"path":"/Users/reedbruskin/hackReactor/Senior/FEC/server/index.js","statementMap":{"0":{"start":{"line":1,"column":16},"end":{"line":1,"column":34}},"1":{"start":{"line":2,"column":11},"end":{"line":2,"column":26}},"2":{"start":{"line":3,"column":12},"end":{"line":3,"column":21}},"3":{"start":{"line":4,"column":13},"end":{"line":4,"column":37}},"4":{"start":{"line":5,"column":11},"end":{"line":5,"column":33}},"5":{"start":{"line":7,"column":0},"end":{"line":7,"column":15}},"6":{"start":{"line":8,"column":0},"end":{"line":8,"column":55}},"7":{"start":{"line":9,"column":0},"end":{"line":9,"column":24}},"8":{"start":{"line":10,"column":0},"end":{"line":10,"column":47}},"9":{"start":{"line":13,"column":0},"end":{"line":21,"column":3}},"10":{"start":{"line":14,"column":2},"end":{"line":20,"column":5}},"11":{"start":{"line":15,"column":4},"end":{"line":19,"column":5}},"12":{"start":{"line":16,"column":6},"end":{"line":16,"column":32}},"13":{"start":{"line":18,"column":6},"end":{"line":18,"column":33}},"14":{"start":{"line":46,"column":0},"end":{"line":48,"column":3}},"15":{"start":{"line":47,"column":2},"end":{"line":47,"column":55}}},"fnMap":{"0":{"name":"(anonymous_0)","decl":{"start":{"line":13,"column":42},"end":{"line":13,"column":43}},"loc":{"start":{"line":13,"column":56},"end":{"line":21,"column":1}},"line":13},"1":{"name":"(anonymous_1)","decl":{"start":{"line":14,"column":18},"end":{"line":14,"column":19}},"loc":{"start":{"line":14,"column":33},"end":{"line":20,"column":3}},"line":14},"2":{"name":"(anonymous_2)","decl":{"start":{"line":46,"column":17},"end":{"line":46,"column":18}},"loc":{"start":{"line":46,"column":23},"end":{"line":48,"column":1}},"line":46}},"branchMap":{"0":{"loc":{"start":{"line":4,"column":13},"end":{"line":4,"column":37}},"type":"binary-expr","locations":[{"start":{"line":4,"column":13},"end":{"line":4,"column":29}},{"start":{"line":4,"column":33},"end":{"line":4,"column":37}}],"line":4},"1":{"loc":{"start":{"line":15,"column":4},"end":{"line":19,"column":5}},"type":"if","locations":[{"start":{"line":15,"column":4},"end":{"line":19,"column":5}},{"start":{"line":15,"column":4},"end":{"line":19,"column":5}}],"line":15}},"s":{"0":1,"1":1,"2":1,"3":1,"4":1,"5":1,"6":1,"7":1,"8":1,"9":1,"10":0,"11":0,"12":0,"13":0,"14":1,"15":1},"f":{"0":0,"1":0,"2":1},"b":{"0":[1,1],"1":[0,0]},"_coverageSchema":"1a1c01bbd47fc00a2c39e90264f33305004495a9","hash":"6a79bacd8d4ded6cb7cabbcfb9e75c0c84bb389f"}
}
