TN:
SF:client/src/components/App.jsx
FN:6,(anonymous_0)
FN:22,(anonymous_1)
FN:36,(anonymous_2)
FN:43,(anonymous_3)
FN:48,(anonymous_4)
FN:52,(anonymous_5)
FN:62,(anonymous_6)
FN:72,(anonymous_7)
FN:76,(anonymous_8)
FN:80,(anonymous_9)
FNF:10
FNH:4
FNDA:3,(anonymous_0)
FNDA:3,(anonymous_1)
FNDA:0,(anonymous_2)
FNDA:0,(anonymous_3)
FNDA:3,(anonymous_4)
FNDA:0,(anonymous_5)
FNDA:0,(anonymous_6)
FNDA:0,(anonymous_7)
FNDA:0,(anonymous_8)
FNDA:3,(anonymous_9)
DA:7,3
DA:8,3
DA:15,3
DA:16,3
DA:17,3
DA:18,3
DA:19,3
DA:23,3
DA:37,0
DA:44,0
DA:49,3
DA:53,0
DA:54,0
DA:58,0
DA:63,0
DA:64,0
DA:68,0
DA:73,0
DA:77,0
DA:81,3
DA:82,3
DA:85,0
DA:87,0
LF:23
LH:11
BRDA:53,0,0,0
BRDA:53,0,1,0
BRDA:63,1,0,0
BRDA:63,1,1,0
BRDA:81,2,0,3
BRDA:81,2,1,0
BRF:6
BRH:1
end_of_record
TN:
SF:client/src/components/Carousel.jsx
FN:5,(anonymous_0)
FN:21,(anonymous_1)
FN:22,(anonymous_2)
FN:51,(anonymous_3)
FN:66,(anonymous_4)
FN:67,(anonymous_5)
FN:68,(anonymous_6)
FNF:7
FNH:0
FNDA:0,(anonymous_0)
FNDA:0,(anonymous_1)
FNDA:0,(anonymous_2)
FNDA:0,(anonymous_3)
FNDA:0,(anonymous_4)
FNDA:0,(anonymous_5)
FNDA:0,(anonymous_6)
DA:5,1
DA:6,0
DA:7,0
DA:8,0
DA:9,0
DA:11,0
DA:13,0
DA:14,0
DA:15,0
DA:17,0
DA:18,0
DA:21,0
DA:22,0
DA:23,0
DA:24,0
DA:51,0
DA:53,0
DA:56,0
DA:57,0
DA:58,0
DA:60,0
DA:63,0
DA:66,0
DA:67,0
DA:68,0
DA:83,0
LF:26
LH:1
BRDA:13,0,0,0
BRDA:13,0,1,0
BRDA:57,1,0,0
BRDA:57,1,1,0
BRF:4
BRH:0
end_of_record
TN:
SF:database/index.js
FN:6,(anonymous_0)
FN:29,(anonymous_1)
FN:31,(anonymous_2)
FNF:3
FNH:1
FNDA:1,(anonymous_0)
FNDA:0,(anonymous_1)
FNDA:0,(anonymous_2)
DA:1,1
DA:3,1
DA:6,1
DA:9,1
DA:22,1
DA:27,1
DA:29,1
DA:31,0
DA:32,0
DA:33,0
DA:35,0
DA:40,1
DA:41,1
LF:13
LH:9
BRDA:32,0,0,0
BRDA:32,0,1,0
BRF:2
BRH:0
end_of_record
TN:
SF:server/index.js
FN:13,(anonymous_0)
FN:14,(anonymous_1)
FN:47,(anonymous_2)
FNF:3
FNH:1
FNDA:0,(anonymous_0)
FNDA:0,(anonymous_1)
FNDA:1,(anonymous_2)
DA:1,1
DA:2,1
DA:3,1
DA:4,1
DA:5,1
DA:7,1
DA:8,1
DA:9,1
DA:10,1
DA:13,1
DA:14,0
DA:15,0
DA:16,0
DA:18,0
DA:19,0
DA:47,1
DA:48,1
LF:17
LH:12
BRDA:4,0,0,1
BRDA:4,0,1,1
BRDA:15,1,0,0
BRDA:15,1,1,0
BRF:4
BRH:2
end_of_record
